12-3-2023 10:58:11-log: Cannot access game frame or container.
12-3-2023 10:58:12-debug: asset-db:require-engine-code (1579ms)
12-3-2023 10:58:12-log: Cocos Creator v3.8.0
12-3-2023 10:58:12-debug: [Assets Memory track]: asset-db:worker-init: initEngine start:16.94MB, end 87.75MB, increase: 70.81MB
12-3-2023 10:58:12-debug: [Assets Memory track]: asset-db-plugin-register: programming start:88.57MB, end 94.21MB, increase: 5.63MB
12-3-2023 10:58:13-debug: [Assets Memory track]: asset-db:worker-init: initPlugin start:87.76MB, end 91.57MB, increase: 3.81MB
12-3-2023 10:58:13-debug: asset-db:worker-init: initPlugin (266ms)
12-3-2023 10:58:13-debug: [Assets Memory track]: asset-db:worker-init start:16.94MB, end 91.62MB, increase: 74.68MB
12-3-2023 10:58:13-debug: Run asset db hook engine-extends:beforePreStart success!
12-3-2023 10:58:13-debug: Run asset db hook programming:beforePreStart ...
12-3-2023 10:58:13-debug: Run asset db hook programming:beforePreStart success!
12-3-2023 10:58:13-debug: Run asset db hook engine-extends:beforePreStart ...
12-3-2023 10:58:13-debug: asset-db:worker-init (3043ms)
12-3-2023 10:58:13-debug: asset-db-hook-programming-beforePreStart (720ms)
12-3-2023 10:58:13-debug: asset-db-hook-engine-extends-beforePreStart (720ms)
12-3-2023 10:58:13-debug: Preimport db internal success
12-3-2023 10:58:13-debug: Preimport db assets success
12-3-2023 10:58:13-debug: Run asset db hook programming:afterPreStart ...
12-3-2023 10:58:16-debug: run package(builder) handler(enable) start
12-3-2023 10:58:25-debug: [Assets Memory track]: asset-db-plugin-enable: builder start:109.28MB, end 261.53MB, increase: 152.24MB
12-3-2023 10:58:25-debug: run package(builder) handler(enable) success!
12-3-2023 10:58:25-debug: run package(shortcuts) handler(enable) start
12-3-2023 10:58:25-debug: run package(about) handler(enable) start
12-3-2023 10:58:25-debug: run package(about) handler(enable) success!
12-3-2023 10:58:25-debug: run package(assets) handler(enable) start
12-3-2023 10:58:25-debug: run package(assets) handler(enable) success!
12-3-2023 10:58:25-debug: run package(console) handler(enable) start
12-3-2023 10:58:25-debug: run package(console) handler(enable) success!
12-3-2023 10:58:25-debug: run package(crash-reporter) handler(enable) start
12-3-2023 10:58:25-debug: run package(crash-reporter) handler(enable) success!
12-3-2023 10:58:25-debug: run package(extension) handler(enable) start
12-3-2023 10:58:25-debug: run package(extension) handler(enable) success!
12-3-2023 10:58:25-debug: run package(hierarchy) handler(enable) start
12-3-2023 10:58:25-debug: run package(hierarchy) handler(enable) success!
12-3-2023 10:58:25-debug: run package(inspector) handler(enable) start
12-3-2023 10:58:25-debug: run package(inspector) handler(enable) success!
12-3-2023 10:58:25-debug: run package(light-probe) handler(enable) start
12-3-2023 10:58:25-debug: run package(light-probe) handler(enable) success!
12-3-2023 10:58:25-debug: run package(lightmap) handler(enable) start
12-3-2023 10:58:25-debug: run package(lightmap) handler(enable) success!
12-3-2023 10:58:25-debug: run package(node-library) handler(enable) start
12-3-2023 10:58:25-debug: run package(node-library) handler(enable) success!
12-3-2023 10:58:25-debug: run package(package-asset) handler(enable) start
12-3-2023 10:58:25-debug: run package(package-asset) handler(enable) success!
12-3-2023 10:58:25-debug: run package(process) handler(enable) start
12-3-2023 10:58:25-debug: run package(process) handler(enable) success!
12-3-2023 10:58:25-debug: run package(reference-image) handler(enable) start
12-3-2023 10:58:25-debug: run package(reference-image) handler(enable) success!
12-3-2023 10:58:25-debug: run package(reflection-probe) handler(enable) start
12-3-2023 10:58:25-debug: run package(reflection-probe) handler(enable) success!
12-3-2023 10:58:25-debug: run package(engine-extends) handler(enable) start
12-3-2023 10:58:25-debug: run package(engine-extends) handler(enable) success!
12-3-2023 10:58:25-debug: run package(adsense-h5g-plugin) handler(enable) start
12-3-2023 10:58:25-debug: run package(adsense-h5g-plugin) handler(enable) success!
12-3-2023 10:58:25-debug: run package(alipay-mini-game) handler(enable) start
12-3-2023 10:58:25-debug: run package(alipay-mini-game) handler(enable) success!
12-3-2023 10:58:25-debug: run package(android) handler(enable) start
12-3-2023 10:58:25-debug: run package(android) handler(enable) success!
12-3-2023 10:58:25-debug: run package(bytedance-mini-game) handler(enable) start
12-3-2023 10:58:25-debug: run package(bytedance-mini-game) handler(enable) success!
12-3-2023 10:58:25-debug: run package(certificate) handler(enable) start
12-3-2023 10:58:25-debug: run package(certificate) handler(enable) success!
12-3-2023 10:58:25-debug: run package(channel-upload-tools) handler(enable) start
12-3-2023 10:58:25-debug: run package(channel-upload-tools) handler(enable) success!
12-3-2023 10:58:25-debug: run package(fb-instant-games) handler(enable) start
12-3-2023 10:58:25-debug: run package(fb-instant-games) handler(enable) success!
12-3-2023 10:58:25-debug: run package(huawei-agc) handler(enable) start
12-3-2023 10:58:25-debug: run package(huawei-agc) handler(enable) success!
12-3-2023 10:58:25-debug: run package(huawei-quick-game) handler(enable) start
12-3-2023 10:58:25-debug: run package(huawei-quick-game) handler(enable) success!
12-3-2023 10:58:25-debug: run package(ios) handler(enable) start
12-3-2023 10:58:25-debug: run package(ios) handler(enable) success!
12-3-2023 10:58:25-debug: run package(linux) handler(enable) start
12-3-2023 10:58:25-debug: run package(linux) handler(enable) success!
12-3-2023 10:58:25-debug: run package(mac) handler(enable) start
12-3-2023 10:58:25-debug: run package(mac) handler(enable) success!
12-3-2023 10:58:25-debug: run package(native) handler(enable) start
12-3-2023 10:58:25-debug: run package(shortcuts) handler(enable) success!
12-3-2023 10:58:25-debug: run package(ohos) handler(enable) start
12-3-2023 10:58:25-debug: run package(ohos) handler(enable) success!
12-3-2023 10:58:25-debug: run package(openharmony) handler(enable) start
12-3-2023 10:58:25-debug: run package(openharmony) handler(enable) success!
12-3-2023 10:58:25-debug: run package(oppo-mini-game) handler(enable) start
12-3-2023 10:58:25-debug: run package(oppo-mini-game) handler(enable) success!
12-3-2023 10:58:25-debug: run package(runtime-dev-tools) handler(enable) start
12-3-2023 10:58:25-debug: run package(runtime-dev-tools) handler(enable) success!
12-3-2023 10:58:25-debug: run package(taobao-creative-app) handler(enable) start
12-3-2023 10:58:25-debug: run package(taobao-creative-app) handler(enable) success!
12-3-2023 10:58:25-debug: run package(taobao-mini-game) handler(enable) start
12-3-2023 10:58:25-debug: run package(taobao-mini-game) handler(enable) success!
12-3-2023 10:58:25-debug: run package(animation-graph) handler(enable) success!
12-3-2023 10:58:25-debug: run package(vivo-mini-game) handler(enable) success!
12-3-2023 10:58:25-debug: run package(web-desktop) handler(enable) start
12-3-2023 10:58:25-debug: run package(web-desktop) handler(enable) success!
12-3-2023 10:58:26-debug: run package(web-mobile) handler(enable) start
12-3-2023 10:58:26-debug: run package(web-mobile) handler(enable) success!
12-3-2023 10:58:26-debug: run package(wechatgame) handler(enable) start
12-3-2023 10:58:26-debug: run package(wechatgame) handler(enable) success!
12-3-2023 10:58:26-debug: run package(wechatprogram) handler(enable) start
12-3-2023 10:58:25-debug: run package(vivo-mini-game) handler(enable) start
12-3-2023 10:58:26-debug: run package(windows) handler(enable) start
12-3-2023 10:58:25-debug: run package(animation-graph) handler(enable) start
12-3-2023 10:58:26-debug: run package(xiaomi-quick-game) handler(enable) start
12-3-2023 10:58:26-debug: run package(xiaomi-quick-game) handler(enable) success!
12-3-2023 10:58:26-debug: run package(cocos-service) handler(enable) start
12-3-2023 10:58:26-debug: run package(cocos-service) handler(enable) success!
12-3-2023 10:58:26-debug: run package(im-plugin) handler(enable) start
12-3-2023 10:58:26-debug: run package(im-plugin) handler(enable) success!
12-3-2023 10:58:26-debug: run package(prefab380fix) handler(enable) start
12-3-2023 10:58:26-debug: run package(prefab380fix) handler(enable) success!
12-3-2023 10:58:26-debug: run package(placeholder) handler(enable) start
12-3-2023 10:58:26-debug: run package(placeholder) handler(enable) success!
12-3-2023 10:58:26-debug: run package(windows) handler(enable) success!
12-3-2023 10:58:26-debug: run package(wechatprogram) handler(enable) success!
12-3-2023 10:58:25-debug: run package(native) handler(enable) success!
12-3-2023 10:58:26-debug: Set detail map pack:///resolution-detail-map.json: {}
12-3-2023 10:58:26-debug: Run asset db hook programming:afterPreStart success!
12-3-2023 10:58:26-debug: Start up the 'internal' database...
12-3-2023 10:58:26-debug: Run asset db hook engine-extends:afterPreStart success!
12-3-2023 10:58:26-debug: [Assets Memory track]: asset-db:worker-init: preStart start:91.63MB, end 256.44MB, increase: 164.82MB
12-3-2023 10:58:26-debug: Run asset db hook engine-extends:afterPreStart ...
12-3-2023 10:58:26-debug: asset-db-hook-programming-afterPreStart (12613ms)
12-3-2023 10:58:26-debug: asset-db:worker-effect-data-processing (50ms)
12-3-2023 10:58:26-debug: asset-db-hook-engine-extends-afterPreStart (50ms)
12-3-2023 10:58:26-debug: start asset-db with asset: 459
12-3-2023 10:58:26-debug: [Assets Memory track]: asset-db:worker-startup-database[internal] start:109.10MB, end 259.41MB, increase: 150.31MB
12-3-2023 10:58:26-debug: Start up the 'assets' database...
12-3-2023 10:58:26-debug: start asset-db with asset: 7
12-3-2023 10:58:26-debug: asset-db:worker-startup-database[internal] (12781ms)
12-3-2023 10:58:26-debug: [Assets Memory track]: asset-db:worker-startup-database[assets] start:109.10MB, end 259.45MB, increase: 150.35MB
12-3-2023 10:58:26-debug: [Assets Memory track]: asset-db:worker-init: startup start:256.45MB, end 259.46MB, increase: 3.01MB
12-3-2023 10:58:26-debug: asset-db:worker-startup-database[assets] (12657ms)
12-3-2023 10:58:26-debug: asset-db:start-database (13395ms)
12-3-2023 10:58:26-debug: asset-db:ready (19399ms)
12-3-2023 10:58:26-debug: init worker message success
12-3-2023 10:58:26-debug: programming:execute-script (8ms)
12-3-2023 10:58:27-debug: [Build Memory track]: builder:worker-init start:261.26MB, end 270.04MB, increase: 8.78MB
12-3-2023 10:58:27-debug: builder:worker-init (605ms)
12-3-2023 10:58:28-debug: programming:execute-script (5ms)
12-3-2023 10:58:45-debug: refresh db internal success
12-3-2023 10:58:45-debug: refresh db assets success
12-3-2023 10:58:45-debug: Run asset db hook engine-extends:afterRefresh ...
12-3-2023 10:58:45-debug: Run asset db hook engine-extends:afterRefresh success!
12-3-2023 10:58:45-debug: asset-db:refresh-all-database (51ms)
12-3-2023 10:58:45-debug: asset-db:worker-effect-data-processing (1ms)
12-3-2023 10:58:45-debug: asset-db-hook-engine-extends-afterRefresh (1ms)
12-3-2023 10:58:46-debug: start refresh asset from /Users/brian/Work/C++/App/ClientCocos/assets/Scene/main.scene...
12-3-2023 10:58:46-debug: %cImport%c: /Users/brian/Work/C++/App/ClientCocos/assets/Scene/main.scenebackground: #aaff85; color: #000;color: #000;
12-3-2023 10:58:46-debug: refresh asset /Users/brian/Work/C++/App/ClientCocos/assets/Scene success
12-3-2023 10:59:01-debug: refresh db internal success
12-3-2023 10:59:01-debug: refresh db assets success
12-3-2023 10:59:01-debug: Run asset db hook engine-extends:afterRefresh ...
12-3-2023 10:59:01-debug: Run asset db hook engine-extends:afterRefresh success!
12-3-2023 10:59:01-debug: asset-db:refresh-all-database (44ms)
12-3-2023 10:59:01-debug: asset-db:worker-effect-data-processing (1ms)
12-3-2023 10:59:01-debug: asset-db-hook-engine-extends-afterRefresh (1ms)
12-3-2023 10:59:03-debug: Query all assets info in project
12-3-2023 10:59:03-debug: init custom config: keepNodeUuid: false, useCache: true
12-3-2023 10:59:03-debug:   Number of all scripts: 5
12-3-2023 10:59:03-debug:   Number of all scenes: 1
12-3-2023 10:59:03-debug:   Number of other assets: 319
12-3-2023 10:59:03-debug: reload all scripts.
12-3-2023 10:59:03-debug: Incremental keys: 
12-3-2023 10:59:03-debug: Set detail map pack:///resolution-detail-map.json: {}
12-3-2023 10:59:03-debug: /Users/brian/Work/C++/App/ClientCocos/temp/programming/packer-driver/targets/editor/chunks/ce/cee638a986ad8fae09398db255647defcaa6612a.js resolved to /Users/brian/Work/C++/App/ClientCocos/temp/programming/packer-driver/targets/editor/chunks/ce/cee638a986ad8fae09398db255647defcaa6612a.js is not in module cache!
12-3-2023 10:59:03-debug: [[Executor]] Module "cce:/internal/x/cc-fu/base" loaded.
12-3-2023 10:59:03-debug: [[Executor]] Module "cce:/internal/x/cc-fu/3d" loaded.
12-3-2023 10:59:03-debug: [[Executor]] Module "cce:/internal/x/cc-fu/animation" loaded.
12-3-2023 10:59:03-debug: [[Executor]] Module "cce:/internal/x/cc-fu/skeletal-animation" loaded.
12-3-2023 10:59:03-debug: [[Executor]] Module "cce:/internal/x/cc-fu/2d" loaded.
12-3-2023 10:59:03-debug: [[Executor]] Module "cce:/internal/x/cc-fu/sorting" loaded.
12-3-2023 10:59:03-debug: [[Executor]] Module "cce:/internal/x/cc-fu/ui" loaded.
12-3-2023 10:59:03-debug: [[Executor]] Module "cce:/internal/x/cc-fu/particle" loaded.
12-3-2023 10:59:03-debug: [[Executor]] Module "cce:/internal/x/cc-fu/particle-2d" loaded.
12-3-2023 10:59:03-debug: [[Executor]] Module "cce:/internal/x/cc-fu/physics-framework" loaded.
12-3-2023 10:59:03-debug: [[Executor]] Module "cce:/internal/x/cc-fu/physics-2d-framework" loaded.
12-3-2023 10:59:03-debug: [[Executor]] Module "cce:/internal/x/cc-fu/intersection-2d" loaded.
12-3-2023 10:59:03-debug: [[Executor]] Module "cce:/internal/x/cc-fu/primitive" loaded.
12-3-2023 10:59:03-debug: [[Executor]] Module "cce:/internal/x/cc-fu/profiler" loaded.
12-3-2023 10:59:03-debug: [[Executor]] Module "cce:/internal/x/cc-fu/geometry-renderer" loaded.
12-3-2023 10:59:03-debug: [[Executor]] Module "cce:/internal/x/cc-fu/audio" loaded.
12-3-2023 10:59:03-debug: [[Executor]] Module "cce:/internal/x/cc-fu/video" loaded.
12-3-2023 10:59:03-debug: [[Executor]] Module "cce:/internal/x/cc-fu/xr" loaded.
12-3-2023 10:59:03-debug: [[Executor]] Module "cce:/internal/x/cc-fu/light-probe" loaded.
12-3-2023 10:59:03-debug: [[Executor]] Module "cce:/internal/x/cc-fu/terrain" loaded.
12-3-2023 10:59:03-debug: [[Executor]] Module "cce:/internal/x/cc-fu/webview" loaded.
12-3-2023 10:59:03-debug: [[Executor]] Module "cce:/internal/x/cc-fu/tween" loaded.
12-3-2023 10:59:03-debug: [[Executor]] Module "cce:/internal/x/cc-fu/tiled-map" loaded.
12-3-2023 10:59:03-debug: [[Executor]] Module "cce:/internal/x/cc-fu/spine" loaded.
12-3-2023 10:59:03-debug: [[Executor]] Module "cce:/internal/x/cc-fu/dragon-bones" loaded.
12-3-2023 10:59:03-debug: [[Executor]] Module "cce:/internal/x/cc-fu/gfx-webgl" loaded.
12-3-2023 10:59:03-debug: [[Executor]] Module "cce:/internal/x/cc-fu/base" loaded.
12-3-2023 10:59:03-debug: [[Executor]] Module "cce:/internal/x/cc-fu/gfx-webgl" loaded.
12-3-2023 10:59:03-debug: [[Executor]] Module "cce:/internal/x/cc-fu/gfx-webgl2" loaded.
12-3-2023 10:59:03-debug: [[Executor]] Module "cce:/internal/x/cc-fu/gfx-empty" loaded.
12-3-2023 10:59:03-debug: [[Executor]] Module "cce:/internal/x/cc-fu/3d" loaded.
12-3-2023 10:59:03-debug: [[Executor]] Module "cce:/internal/x/cc-fu/animation" loaded.
12-3-2023 10:59:03-debug: [[Executor]] Module "cce:/internal/x/cc-fu/skeletal-animation" loaded.
12-3-2023 10:59:03-debug: [[Executor]] Module "cce:/internal/x/cc-fu/2d" loaded.
12-3-2023 10:59:03-debug: [[Executor]] Module "cce:/internal/x/cc-fu/sorting" loaded.
12-3-2023 10:59:03-debug: [[Executor]] Module "cce:/internal/x/cc-fu/ui" loaded.
12-3-2023 10:59:03-debug: [[Executor]] Module "cce:/internal/x/cc-fu/gfx-empty" loaded.
12-3-2023 10:59:03-debug: [[Executor]] Module "cce:/internal/x/cc-fu/particle-2d" loaded.
12-3-2023 10:59:03-debug: [[Executor]] Module "cce:/internal/x/cc-fu/physics-framework" loaded.
12-3-2023 10:59:03-debug: [[Executor]] Module "cce:/internal/x/cc-fu/physics-2d-framework" loaded.
12-3-2023 10:59:03-debug: [[Executor]] Module "cce:/internal/x/cc-fu/intersection-2d" loaded.
12-3-2023 10:59:03-debug: [[Executor]] Module "cce:/internal/x/cc-fu/primitive" loaded.
12-3-2023 10:59:03-debug: [[Executor]] Module "cce:/internal/x/cc-fu/profiler" loaded.
12-3-2023 10:59:03-debug: [[Executor]] Module "cce:/internal/x/cc-fu/custom-pipeline" loaded.
12-3-2023 10:59:03-debug: [[Executor]] Module "cce:/internal/x/cc-fu/audio" loaded.
12-3-2023 10:59:03-debug: [[Executor]] Module "cce:/internal/x/cc-fu/video" loaded.
12-3-2023 10:59:03-debug: [[Executor]] Module "cce:/internal/x/cc-fu/xr" loaded.
12-3-2023 10:59:03-debug: [[Executor]] Module "cce:/internal/x/cc-fu/light-probe" loaded.
12-3-2023 10:59:03-debug: [[Executor]] Module "cce:/internal/x/cc-fu/gfx-webgl2" loaded.
12-3-2023 10:59:03-debug: [[Executor]] Module "cce:/internal/x/cc-fu/geometry-renderer" loaded.
12-3-2023 10:59:03-debug: [[Executor]] Module "cce:/internal/x/cc-fu/tween" loaded.
12-3-2023 10:59:03-debug: [[Executor]] Module "cce:/internal/x/cc-fu/tiled-map" loaded.
12-3-2023 10:59:03-debug: [[Executor]] Module "cce:/internal/x/cc-fu/spine" loaded.
12-3-2023 10:59:03-debug: [[Executor]] Module "cce:/internal/x/cc-fu/dragon-bones" loaded.
12-3-2023 10:59:03-debug: [[Executor]] Module "cce:/internal/x/cc-fu/custom-pipeline" loaded.
12-3-2023 10:59:03-debug: [[Executor]] Module "pack:///chunks/ce/cee638a986ad8fae09398db255647defcaa6612a.js" loaded.
12-3-2023 10:59:03-debug: Invalidating 'pack:///chunks/ce/cee638a986ad8fae09398db255647defcaa6612a.js'
12-3-2023 10:59:03-debug: [[Executor]] Module "pack:///chunks/ce/cee638a986ad8fae09398db255647defcaa6612a.js" loaded.
12-3-2023 10:59:03-debug: [[Executor]] Module "cce:/internal/x/cc-fu/webview" loaded.
12-3-2023 10:59:03-debug: [[Executor]] Module "cce:/internal/x/cc-fu/terrain" loaded.
12-3-2023 10:59:03-debug: [[Executor]] Module "cce:/internal/x/cc-fu/particle" loaded.
12-3-2023 10:59:03-debug: /Users/brian/Work/C++/App/ClientCocos/temp/programming/packer-driver/targets/editor/chunks/7c/7c5545d0f1257a8181a07a5db294710fcae0d363.js resolved to /Users/brian/Work/C++/App/ClientCocos/temp/programming/packer-driver/targets/editor/chunks/7c/7c5545d0f1257a8181a07a5db294710fcae0d363.js is not in module cache!
12-3-2023 10:59:03-debug: [[Executor]] Module "pack:///chunks/7c/7c5545d0f1257a8181a07a5db294710fcae0d363.js" loaded.
12-3-2023 10:59:03-debug: /Users/brian/Work/C++/App/ClientCocos/temp/programming/packer-driver/targets/editor/chunks/d5/d5608b38b037f8fab3d80ad8b6997514f74129c4.js resolved to /Users/brian/Work/C++/App/ClientCocos/temp/programming/packer-driver/targets/editor/chunks/d5/d5608b38b037f8fab3d80ad8b6997514f74129c4.js is not in module cache!
12-3-2023 10:59:03-debug: [[Executor]] Register DebugViewRuntimeControl
12-3-2023 10:59:03-debug: [[Executor]] Module "pack:///chunks/d5/d5608b38b037f8fab3d80ad8b6997514f74129c4.js" loaded.
12-3-2023 10:59:03-debug: /Users/brian/Work/C++/App/ClientCocos/temp/programming/packer-driver/targets/editor/chunks/bf/bfc11d09b3b15fa3ab609d7e539423309861b50a.js resolved to /Users/brian/Work/C++/App/ClientCocos/temp/programming/packer-driver/targets/editor/chunks/bf/bfc11d09b3b15fa3ab609d7e539423309861b50a.js is not in module cache!
12-3-2023 10:59:03-debug: /Users/brian/Work/C++/App/ClientCocos/temp/programming/packer-driver/targets/editor/chunks/84/84741ad843cea9a440c5d8c2d379669b6551400d.js resolved to /Users/brian/Work/C++/App/ClientCocos/temp/programming/packer-driver/targets/editor/chunks/84/84741ad843cea9a440c5d8c2d379669b6551400d.js is not in module cache!
12-3-2023 10:59:03-debug: /Users/brian/Work/C++/App/ClientCocos/temp/programming/packer-driver/targets/editor/chunks/39/39d63d0f90e15ac5cafd9b080f3d439433da975b.js resolved to /Users/brian/Work/C++/App/ClientCocos/temp/programming/packer-driver/targets/editor/chunks/39/39d63d0f90e15ac5cafd9b080f3d439433da975b.js is not in module cache!
12-3-2023 10:59:03-debug: [[Executor]] Module "pack:///chunks/c9/c9511a6dc4d9bb49dc74bffe3fe08159e336d448.js" loaded.
12-3-2023 10:59:03-debug: [[Executor]] Register LobbyText
12-3-2023 10:59:03-debug: [[Executor]] Module "pack:///chunks/39/39d63d0f90e15ac5cafd9b080f3d439433da975b.js" loaded.
12-3-2023 10:59:03-debug: [[Executor]] Register GameController
12-3-2023 10:59:03-debug: [[Executor]] Module "pack:///chunks/bf/bfc11d09b3b15fa3ab609d7e539423309861b50a.js" loaded.
12-3-2023 10:59:03-debug: [[Executor]] Register SocketHandler
12-3-2023 10:59:03-debug: /Users/brian/Work/C++/App/ClientCocos/temp/programming/packer-driver/targets/editor/chunks/c9/c9511a6dc4d9bb49dc74bffe3fe08159e336d448.js resolved to /Users/brian/Work/C++/App/ClientCocos/temp/programming/packer-driver/targets/editor/chunks/c9/c9511a6dc4d9bb49dc74bffe3fe08159e336d448.js is not in module cache!
12-3-2023 10:59:03-debug: [[Executor]] Module "pack:///chunks/84/84741ad843cea9a440c5d8c2d379669b6551400d.js" loaded.
12-3-2023 10:59:03-debug: /Users/brian/Work/C++/App/ClientCocos/temp/programming/packer-driver/targets/editor/chunks/de/de4e10d929fc4d823a6de541b16bc258a4479847.js resolved to /Users/brian/Work/C++/App/ClientCocos/temp/programming/packer-driver/targets/editor/chunks/de/de4e10d929fc4d823a6de541b16bc258a4479847.js is not in module cache!
12-3-2023 10:59:03-debug: [[Executor]] Module "pack:///chunks/7c/7c5545d0f1257a8181a07a5db294710fcae0d363.js" loaded.
12-3-2023 10:59:03-debug: // ---- build task Query asset bundle ----
12-3-2023 10:59:03-debug: [[Executor]] Register KMD5
12-3-2023 10:59:03-debug: Query asset bundle start0%
12-3-2023 10:59:03-debug: [[Executor]] Module "pack:///chunks/de/de4e10d929fc4d823a6de541b16bc258a4479847.js" loaded.
12-3-2023 10:59:03-debug: Query preload assets from cc.config.json: 60f7195c-ec2a-45eb-ba94-8955f60e81d0,1c02ae6f-4492-4915-b8f8-7492a3b1e4cd,810e96e4-e456-4468-9b59-f4e8f39732c0,efe8e2a3-eace-427b-b4f1-cb8a937ec77d,e9aa9a3e-5b2b-4ac7-a2c7-073de2b2b24f,8bbdbcdd-5cd4-4100-b6d5-b7c9625b6107,50f4348b-c883-4e2f-8f11-ce233b859fa1,fda095cb-831d-4601-ad94-846013963de8,f92806d7-1768-443f-afe8-12bcde84d0f0,dd3a144d-ab7f-41f0-82b8-2e43a090d496,f0416e68-0200-4b77-a926-4f9d16e494da,970b0598-bcb0-4714-91fb-2e81440dccd8,bcd64cc6-2dd9-43f6-abbe-66318d332032,d930590d-bb92-4cc8-8bd1-23cd027f9edf,a3cd009f-0ab0-420d-9278-b9fdab939bbc,c27215d8-6835-4b68-bfbb-bdeac6100c04,b5d6115f-0370-4d7c-aad3-c194cc71cf98,871c3b6c-7379-419d-bda3-794b239ab90d
12-3-2023 10:59:03-debug: // ---- build task Query asset bundle ---- (16ms)
12-3-2023 10:59:03-debug: run build task Query asset bundle success in 16 ms √5%
12-3-2023 10:59:03-debug: [Build Memory track]: Query asset bundle start:237.78MB, end 238.51MB, increase: 749.66KB
12-3-2023 10:59:03-debug: Query asset bundle start5%
12-3-2023 10:59:03-debug: // ---- build task Query asset bundle ----
12-3-2023 10:59:03-debug: run build task Query asset bundle success in 0 ms √10%
12-3-2023 10:59:03-debug: [Build Memory track]: Query asset bundle start:238.52MB, end 238.53MB, increase: 10.61KB
12-3-2023 10:59:03-debug: Sort some build options to settings.json start10%
12-3-2023 10:59:03-debug: // ---- build task Sort some build options to settings.json ----
12-3-2023 10:59:03-debug: // ---- build task Sort some build options to settings.json ---- (1ms)
12-3-2023 10:59:03-debug: run build task Sort some build options to settings.json success in 1 ms √12%
12-3-2023 10:59:03-debug: [Build Memory track]: Sort some build options to settings.json start:238.54MB, end 238.56MB, increase: 13.30KB
12-3-2023 10:59:03-debug: Fill script data to settings start12%
12-3-2023 10:59:03-debug: // ---- build task Fill script data to settings ----
12-3-2023 10:59:03-debug: // ---- build task Fill script data to settings ---- (1ms)
12-3-2023 10:59:03-debug: [Build Memory track]: Fill script data to settings start:238.56MB, end 238.58MB, increase: 13.47KB
12-3-2023 10:59:03-debug: Sort some build options to settings.json start13%
12-3-2023 10:59:03-debug: // ---- build task Sort some build options to settings.json ----
12-3-2023 10:59:03-debug: run build task Fill script data to settings success in 1 ms √13%
12-3-2023 10:59:03-debug: // ---- build task Sort some build options to settings.json ---- (3ms)
12-3-2023 10:59:03-debug: run build task Sort some build options to settings.json success in 3 ms √15%
12-3-2023 10:59:03-debug: [Build Memory track]: Sort some build options to settings.json start:238.59MB, end 238.65MB, increase: 66.96KB
12-3-2023 10:59:38-debug: refresh db internal success
12-3-2023 10:59:38-debug: refresh db assets success
12-3-2023 10:59:38-debug: Run asset db hook engine-extends:afterRefresh success!
12-3-2023 10:59:38-debug: Run asset db hook engine-extends:afterRefresh ...
12-3-2023 10:59:38-debug: asset-db:refresh-all-database (48ms)
12-3-2023 10:59:38-debug: asset-db:worker-effect-data-processing (2ms)
12-3-2023 10:59:38-debug: asset-db-hook-engine-extends-afterRefresh (2ms)
